\BOOKMARK [0][-]{chapter.1}{\376\377\0001\000\040\000C\000l\000a\000s\000s\000\040\000I\000n\000d\000e\000x}{}% 1
\BOOKMARK [1][-]{section.1.1}{\376\377\0001\000.\0001\000\040\000C\000l\000a\000s\000s\000\040\000L\000i\000s\000t}{chapter.1}% 2
\BOOKMARK [0][-]{chapter.2}{\376\377\0002\000\040\000C\000l\000a\000s\000s\000\040\000D\000o\000c\000u\000m\000e\000n\000t\000a\000t\000i\000o\000n}{}% 3
\BOOKMARK [1][-]{section.2.1}{\376\377\0002\000.\0001\000\040\000A\000m\000p\000l\000i\000t\000u\000d\000e\000\040\000C\000l\000a\000s\000s\000\040\000R\000e\000f\000e\000r\000e\000n\000c\000e}{chapter.2}% 4
\BOOKMARK [2][-]{subsection.2.1.1}{\376\377\0002\000.\0001\000.\0001\000\040\000D\000e\000t\000a\000i\000l\000e\000d\000\040\000D\000e\000s\000c\000r\000i\000p\000t\000i\000o\000n}{section.2.1}% 5
\BOOKMARK [2][-]{subsection.2.1.2}{\376\377\0002\000.\0001\000.\0002\000\040\000C\000o\000n\000s\000t\000r\000u\000c\000t\000o\000r\000\040\000\046\000\040\000D\000e\000s\000t\000r\000u\000c\000t\000o\000r\000\040\000D\000o\000c\000u\000m\000e\000n\000t\000a\000t\000i\000o\000n}{section.2.1}% 6
\BOOKMARK [3][-]{subsubsection.2.1.2.1}{\376\377\0002\000.\0001\000.\0002\000.\0001\000\040\000A\000m\000p\000l\000i\000t\000u\000d\000e\000\050\000\051}{subsection.2.1.2}% 7
\BOOKMARK [2][-]{subsection.2.1.3}{\376\377\0002\000.\0001\000.\0003\000\040\000M\000e\000m\000b\000e\000r\000\040\000F\000u\000n\000c\000t\000i\000o\000n\000\040\000D\000o\000c\000u\000m\000e\000n\000t\000a\000t\000i\000o\000n}{section.2.1}% 8
\BOOKMARK [3][-]{subsubsection.2.1.3.1}{\376\377\0002\000.\0001\000.\0003\000.\0001\000\040\000o\000p\000e\000r\000a\000t\000o\000r\000\050\000\051\000\050\000\051}{subsection.2.1.3}% 9
\BOOKMARK [1][-]{section.2.2}{\376\377\0002\000.\0002\000\040\000B\000i\000n\000\040\000C\000l\000a\000s\000s\000\040\000R\000e\000f\000e\000r\000e\000n\000c\000e}{chapter.2}% 10
\BOOKMARK [2][-]{subsection.2.2.1}{\376\377\0002\000.\0002\000.\0001\000\040\000D\000e\000t\000a\000i\000l\000e\000d\000\040\000D\000e\000s\000c\000r\000i\000p\000t\000i\000o\000n}{section.2.2}% 11
\BOOKMARK [2][-]{subsection.2.2.2}{\376\377\0002\000.\0002\000.\0002\000\040\000C\000o\000n\000s\000t\000r\000u\000c\000t\000o\000r\000\040\000\046\000\040\000D\000e\000s\000t\000r\000u\000c\000t\000o\000r\000\040\000D\000o\000c\000u\000m\000e\000n\000t\000a\000t\000i\000o\000n}{section.2.2}% 12
\BOOKMARK [3][-]{subsubsection.2.2.2.1}{\376\377\0002\000.\0002\000.\0002\000.\0001\000\040\000B\000i\000n\000\050\000\051}{subsection.2.2.2}% 13
\BOOKMARK [2][-]{subsection.2.2.3}{\376\377\0002\000.\0002\000.\0003\000\040\000M\000e\000m\000b\000e\000r\000\040\000F\000u\000n\000c\000t\000i\000o\000n\000\040\000D\000o\000c\000u\000m\000e\000n\000t\000a\000t\000i\000o\000n}{section.2.2}% 14
\BOOKMARK [3][-]{subsubsection.2.2.3.1}{\376\377\0002\000.\0002\000.\0003\000.\0001\000\040\000A\000d\000d\000E\000v\000e\000n\000t\000\050\000\051}{subsection.2.2.3}% 15
\BOOKMARK [3][-]{subsubsection.2.2.3.2}{\376\377\0002\000.\0002\000.\0003\000.\0002\000\040\000G\000e\000t\000E\000v\000e\000n\000t\000s\000\050\000\051}{subsection.2.2.3}% 16
\BOOKMARK [3][-]{subsubsection.2.2.3.3}{\376\377\0002\000.\0002\000.\0003\000.\0003\000\040\000G\000e\000t\000N\000u\000m\000b\000e\000r\000E\000v\000e\000n\000t\000s\000\050\000\051}{subsection.2.2.3}% 17
\BOOKMARK [1][-]{section.2.3}{\376\377\0002\000.\0003\000\040\000B\000i\000n\000L\000i\000s\000t\000\040\000C\000l\000a\000s\000s\000\040\000R\000e\000f\000e\000r\000e\000n\000c\000e}{chapter.2}% 18
\BOOKMARK [2][-]{subsection.2.3.1}{\376\377\0002\000.\0003\000.\0001\000\040\000D\000e\000t\000a\000i\000l\000e\000d\000\040\000D\000e\000s\000c\000r\000i\000p\000t\000i\000o\000n}{section.2.3}% 19
\BOOKMARK [2][-]{subsection.2.3.2}{\376\377\0002\000.\0003\000.\0002\000\040\000C\000o\000n\000s\000t\000r\000u\000c\000t\000o\000r\000\040\000\046\000\040\000D\000e\000s\000t\000r\000u\000c\000t\000o\000r\000\040\000D\000o\000c\000u\000m\000e\000n\000t\000a\000t\000i\000o\000n}{section.2.3}% 20
\BOOKMARK [3][-]{subsubsection.2.3.2.1}{\376\377\0002\000.\0003\000.\0002\000.\0001\000\040\000B\000i\000n\000L\000i\000s\000t\000\050\000\051}{subsection.2.3.2}% 21
\BOOKMARK [2][-]{subsection.2.3.3}{\376\377\0002\000.\0003\000.\0003\000\040\000M\000e\000m\000b\000e\000r\000\040\000F\000u\000n\000c\000t\000i\000o\000n\000\040\000D\000o\000c\000u\000m\000e\000n\000t\000a\000t\000i\000o\000n}{section.2.3}% 22
\BOOKMARK [3][-]{subsubsection.2.3.3.1}{\376\377\0002\000.\0003\000.\0003\000.\0001\000\040\000A\000d\000d\000E\000v\000e\000n\000t\000\050\000\051\000\040\000[\0001\000/\0002\000]}{subsection.2.3.3}% 23
\BOOKMARK [3][-]{subsubsection.2.3.3.2}{\376\377\0002\000.\0003\000.\0003\000.\0002\000\040\000A\000d\000d\000E\000v\000e\000n\000t\000\050\000\051\000\040\000[\0002\000/\0002\000]}{subsection.2.3.3}% 24
\BOOKMARK [3][-]{subsubsection.2.3.3.3}{\376\377\0002\000.\0003\000.\0003\000.\0003\000\040\000G\000e\000t\000B\000i\000n\000\050\000\051}{subsection.2.3.3}% 25
\BOOKMARK [3][-]{subsubsection.2.3.3.4}{\376\377\0002\000.\0003\000.\0003\000.\0004\000\040\000G\000e\000t\000E\000v\000e\000n\000t\000s\000\050\000\051}{subsection.2.3.3}% 26
\BOOKMARK [3][-]{subsubsection.2.3.3.5}{\376\377\0002\000.\0003\000.\0003\000.\0005\000\040\000L\000o\000a\000d\000T\000T\000r\000e\000e\000\050\000\051}{subsection.2.3.3}% 27
\BOOKMARK [3][-]{subsubsection.2.3.3.6}{\376\377\0002\000.\0003\000.\0003\000.\0006\000\040\000N\000u\000m\000b\000e\000r\000B\000i\000n\000s\000\050\000\051}{subsection.2.3.3}% 28
\BOOKMARK [3][-]{subsubsection.2.3.3.7}{\376\377\0002\000.\0003\000.\0003\000.\0007\000\040\000P\000r\000e\000d\000i\000c\000t\000\050\000\051}{subsection.2.3.3}% 29
\BOOKMARK [1][-]{section.2.4}{\376\377\0002\000.\0004\000\040\000C\000P\000P\000a\000r\000a\000m\000e\000t\000e\000r\000s\000\040\000C\000l\000a\000s\000s\000\040\000R\000e\000f\000e\000r\000e\000n\000c\000e}{chapter.2}% 30
\BOOKMARK [2][-]{subsection.2.4.1}{\376\377\0002\000.\0004\000.\0001\000\040\000D\000e\000t\000a\000i\000l\000e\000d\000\040\000D\000e\000s\000c\000r\000i\000p\000t\000i\000o\000n}{section.2.4}% 31
\BOOKMARK [2][-]{subsection.2.4.2}{\376\377\0002\000.\0004\000.\0002\000\040\000C\000o\000n\000s\000t\000r\000u\000c\000t\000o\000r\000\040\000\046\000\040\000D\000e\000s\000t\000r\000u\000c\000t\000o\000r\000\040\000D\000o\000c\000u\000m\000e\000n\000t\000a\000t\000i\000o\000n}{section.2.4}% 32
\BOOKMARK [3][-]{subsubsection.2.4.2.1}{\376\377\0002\000.\0004\000.\0002\000.\0001\000\040\000C\000P\000P\000a\000r\000a\000m\000e\000t\000e\000r\000s\000\050\000\051}{subsection.2.4.2}% 33
\BOOKMARK [2][-]{subsection.2.4.3}{\376\377\0002\000.\0004\000.\0003\000\040\000M\000e\000m\000b\000e\000r\000\040\000F\000u\000n\000c\000t\000i\000o\000n\000\040\000D\000o\000c\000u\000m\000e\000n\000t\000a\000t\000i\000o\000n}{section.2.4}% 34
\BOOKMARK [3][-]{subsubsection.2.4.3.1}{\376\377\0002\000.\0004\000.\0003\000.\0001\000\040\000G\000e\000t\000C\000P\000P\000a\000r\000a\000m\000e\000t\000e\000r\000s\000\050\000\051}{subsection.2.4.3}% 35
\BOOKMARK [3][-]{subsubsection.2.4.3.2}{\376\377\0002\000.\0004\000.\0003\000.\0002\000\040\000G\000e\000t\000E\000r\000r\000o\000r\000\050\000\051}{subsection.2.4.3}% 36
\BOOKMARK [3][-]{subsubsection.2.4.3.3}{\376\377\0002\000.\0004\000.\0003\000.\0003\000\040\000S\000e\000t\000E\000r\000r\000o\000r\000\050\000\051}{subsection.2.4.3}% 37
\BOOKMARK [1][-]{section.2.5}{\376\377\0002\000.\0005\000\040\000D\000D\000e\000c\000a\000y\000P\000a\000r\000a\000m\000e\000t\000e\000r\000s\000\040\000C\000l\000a\000s\000s\000\040\000R\000e\000f\000e\000r\000e\000n\000c\000e}{chapter.2}% 38
\BOOKMARK [2][-]{subsection.2.5.1}{\376\377\0002\000.\0005\000.\0001\000\040\000D\000e\000t\000a\000i\000l\000e\000d\000\040\000D\000e\000s\000c\000r\000i\000p\000t\000i\000o\000n}{section.2.5}% 39
\BOOKMARK [2][-]{subsection.2.5.2}{\376\377\0002\000.\0005\000.\0002\000\040\000C\000o\000n\000s\000t\000r\000u\000c\000t\000o\000r\000\040\000\046\000\040\000D\000e\000s\000t\000r\000u\000c\000t\000o\000r\000\040\000D\000o\000c\000u\000m\000e\000n\000t\000a\000t\000i\000o\000n}{section.2.5}% 40
\BOOKMARK [3][-]{subsubsection.2.5.2.1}{\376\377\0002\000.\0005\000.\0002\000.\0001\000\040\000D\000D\000e\000c\000a\000y\000P\000a\000r\000a\000m\000e\000t\000e\000r\000s\000\050\000\051}{subsection.2.5.2}% 41
\BOOKMARK [2][-]{subsection.2.5.3}{\376\377\0002\000.\0005\000.\0003\000\040\000M\000e\000m\000b\000e\000r\000\040\000F\000u\000n\000c\000t\000i\000o\000n\000\040\000D\000o\000c\000u\000m\000e\000n\000t\000a\000t\000i\000o\000n}{section.2.5}% 42
\BOOKMARK [3][-]{subsubsection.2.5.3.1}{\376\377\0002\000.\0005\000.\0003\000.\0001\000\040\000G\000e\000t\000c\000\050\000\051}{subsection.2.5.3}% 43
\BOOKMARK [3][-]{subsubsection.2.5.3.2}{\376\377\0002\000.\0005\000.\0003\000.\0002\000\040\000G\000e\000t\000K\000\050\000\051}{subsection.2.5.3}% 44
\BOOKMARK [3][-]{subsubsection.2.5.3.3}{\376\377\0002\000.\0005\000.\0003\000.\0003\000\040\000G\000e\000t\000K\000b\000a\000r\000\050\000\051}{subsection.2.5.3}% 45
\BOOKMARK [3][-]{subsubsection.2.5.3.4}{\376\377\0002\000.\0005\000.\0003\000.\0004\000\040\000G\000e\000t\000s\000\050\000\051}{subsection.2.5.3}% 46
\BOOKMARK [1][-]{section.2.6}{\376\377\0002\000.\0006\000\040\000E\000v\000e\000n\000t\000\040\000C\000l\000a\000s\000s\000\040\000R\000e\000f\000e\000r\000e\000n\000c\000e}{chapter.2}% 47
\BOOKMARK [2][-]{subsection.2.6.1}{\376\377\0002\000.\0006\000.\0001\000\040\000D\000e\000t\000a\000i\000l\000e\000d\000\040\000D\000e\000s\000c\000r\000i\000p\000t\000i\000o\000n}{section.2.6}% 48
\BOOKMARK [2][-]{subsection.2.6.2}{\376\377\0002\000.\0006\000.\0002\000\040\000C\000o\000n\000s\000t\000r\000u\000c\000t\000o\000r\000\040\000\046\000\040\000D\000e\000s\000t\000r\000u\000c\000t\000o\000r\000\040\000D\000o\000c\000u\000m\000e\000n\000t\000a\000t\000i\000o\000n}{section.2.6}% 49
\BOOKMARK [3][-]{subsubsection.2.6.2.1}{\376\377\0002\000.\0006\000.\0002\000.\0001\000\040\000E\000v\000e\000n\000t\000\050\000\051\000\040\000[\0001\000/\0003\000]}{subsection.2.6.2}% 50
\BOOKMARK [3][-]{subsubsection.2.6.2.2}{\376\377\0002\000.\0006\000.\0002\000.\0002\000\040\000E\000v\000e\000n\000t\000\050\000\051\000\040\000[\0002\000/\0003\000]}{subsection.2.6.2}% 51
\BOOKMARK [3][-]{subsubsection.2.6.2.3}{\376\377\0002\000.\0006\000.\0002\000.\0003\000\040\000E\000v\000e\000n\000t\000\050\000\051\000\040\000[\0003\000/\0003\000]}{subsection.2.6.2}% 52
\BOOKMARK [2][-]{subsection.2.6.3}{\376\377\0002\000.\0006\000.\0003\000\040\000M\000e\000m\000b\000e\000r\000\040\000F\000u\000n\000c\000t\000i\000o\000n\000\040\000D\000o\000c\000u\000m\000e\000n\000t\000a\000t\000i\000o\000n}{section.2.6}% 53
\BOOKMARK [3][-]{subsubsection.2.6.3.1}{\376\377\0002\000.\0006\000.\0003\000.\0001\000\040\000G\000e\000t\000E\000v\000e\000n\000t\000\050\000\051}{subsection.2.6.3}% 54
\BOOKMARK [3][-]{subsubsection.2.6.3.2}{\376\377\0002\000.\0006\000.\0003\000.\0002\000\040\000G\000e\000t\000E\000v\000e\000n\000t\000V\000e\000c\000t\000o\000r\000\050\000\051}{subsection.2.6.3}% 55
\BOOKMARK [3][-]{subsubsection.2.6.3.3}{\376\377\0002\000.\0006\000.\0003\000.\0003\000\040\000G\000e\000t\000I\000n\000v\000M\000a\000s\000s\0002\000\050\000\051}{subsection.2.6.3}% 56
\BOOKMARK [3][-]{subsubsection.2.6.3.4}{\376\377\0002\000.\0006\000.\0003\000.\0004\000\040\000G\000e\000t\000I\000n\000v\000M\000a\000s\000s\0003\000\050\000\051}{subsection.2.6.3}% 57
\BOOKMARK [1][-]{section.2.7}{\376\377\0002\000.\0007\000\040\000E\000v\000e\000n\000t\000L\000i\000s\000t\000\040\000C\000l\000a\000s\000s\000\040\000R\000e\000f\000e\000r\000e\000n\000c\000e}{chapter.2}% 58
\BOOKMARK [2][-]{subsection.2.7.1}{\376\377\0002\000.\0007\000.\0001\000\040\000D\000e\000t\000a\000i\000l\000e\000d\000\040\000D\000e\000s\000c\000r\000i\000p\000t\000i\000o\000n}{section.2.7}% 59
\BOOKMARK [2][-]{subsection.2.7.2}{\376\377\0002\000.\0007\000.\0002\000\040\000C\000o\000n\000s\000t\000r\000u\000c\000t\000o\000r\000\040\000\046\000\040\000D\000e\000s\000t\000r\000u\000c\000t\000o\000r\000\040\000D\000o\000c\000u\000m\000e\000n\000t\000a\000t\000i\000o\000n}{section.2.7}% 60
\BOOKMARK [3][-]{subsubsection.2.7.2.1}{\376\377\0002\000.\0007\000.\0002\000.\0001\000\040\000E\000v\000e\000n\000t\000L\000i\000s\000t\000\050\000\051}{subsection.2.7.2}% 61
\BOOKMARK [2][-]{subsection.2.7.3}{\376\377\0002\000.\0007\000.\0003\000\040\000M\000e\000m\000b\000e\000r\000\040\000F\000u\000n\000c\000t\000i\000o\000n\000\040\000D\000o\000c\000u\000m\000e\000n\000t\000a\000t\000i\000o\000n}{section.2.7}% 62
\BOOKMARK [3][-]{subsubsection.2.7.3.1}{\376\377\0002\000.\0007\000.\0003\000.\0001\000\040\000A\000d\000d\000E\000v\000e\000n\000t\000\050\000\051}{subsection.2.7.3}% 63
\BOOKMARK [3][-]{subsubsection.2.7.3.2}{\376\377\0002\000.\0007\000.\0003\000.\0002\000\040\000G\000e\000t\000E\000v\000e\000n\000t\000s\000\050\000\051}{subsection.2.7.3}% 64
\BOOKMARK [3][-]{subsubsection.2.7.3.3}{\376\377\0002\000.\0007\000.\0003\000.\0003\000\040\000N\000u\000m\000b\000e\000r\000E\000v\000e\000n\000t\000s\000\050\000\051}{subsection.2.7.3}% 65
\BOOKMARK [1][-]{section.2.8}{\376\377\0002\000.\0008\000\040\000F\000i\000t\000t\000e\000r\000\040\000C\000l\000a\000s\000s\000\040\000R\000e\000f\000e\000r\000e\000n\000c\000e}{chapter.2}% 66
\BOOKMARK [2][-]{subsection.2.8.1}{\376\377\0002\000.\0008\000.\0001\000\040\000D\000e\000t\000a\000i\000l\000e\000d\000\040\000D\000e\000s\000c\000r\000i\000p\000t\000i\000o\000n}{section.2.8}% 67
\BOOKMARK [2][-]{subsection.2.8.2}{\376\377\0002\000.\0008\000.\0002\000\040\000C\000o\000n\000s\000t\000r\000u\000c\000t\000o\000r\000\040\000\046\000\040\000D\000e\000s\000t\000r\000u\000c\000t\000o\000r\000\040\000D\000o\000c\000u\000m\000e\000n\000t\000a\000t\000i\000o\000n}{section.2.8}% 68
\BOOKMARK [3][-]{subsubsection.2.8.2.1}{\376\377\0002\000.\0008\000.\0002\000.\0001\000\040\000F\000i\000t\000t\000e\000r\000\050\000\051}{subsection.2.8.2}% 69
\BOOKMARK [2][-]{subsection.2.8.3}{\376\377\0002\000.\0008\000.\0003\000\040\000M\000e\000m\000b\000e\000r\000\040\000F\000u\000n\000c\000t\000i\000o\000n\000\040\000D\000o\000c\000u\000m\000e\000n\000t\000a\000t\000i\000o\000n}{section.2.8}% 70
\BOOKMARK [3][-]{subsubsection.2.8.3.1}{\376\377\0002\000.\0008\000.\0003\000.\0001\000\040\000D\000o\000F\000i\000t\000\050\000\051}{subsection.2.8.3}% 71
\BOOKMARK [1][-]{section.2.9}{\376\377\0002\000.\0009\000\040\000G\000e\000n\000e\000r\000a\000t\000o\000r\000\040\000C\000l\000a\000s\000s\000\040\000R\000e\000f\000e\000r\000e\000n\000c\000e}{chapter.2}% 72
\BOOKMARK [2][-]{subsection.2.9.1}{\376\377\0002\000.\0009\000.\0001\000\040\000D\000e\000t\000a\000i\000l\000e\000d\000\040\000D\000e\000s\000c\000r\000i\000p\000t\000i\000o\000n}{section.2.9}% 73
\BOOKMARK [2][-]{subsection.2.9.2}{\376\377\0002\000.\0009\000.\0002\000\040\000C\000o\000n\000s\000t\000r\000u\000c\000t\000o\000r\000\040\000\046\000\040\000D\000e\000s\000t\000r\000u\000c\000t\000o\000r\000\040\000D\000o\000c\000u\000m\000e\000n\000t\000a\000t\000i\000o\000n}{section.2.9}% 74
\BOOKMARK [3][-]{subsubsection.2.9.2.1}{\376\377\0002\000.\0009\000.\0002\000.\0001\000\040\000G\000e\000n\000e\000r\000a\000t\000o\000r\000\050\000\051}{subsection.2.9.2}% 75
\BOOKMARK [2][-]{subsection.2.9.3}{\376\377\0002\000.\0009\000.\0003\000\040\000M\000e\000m\000b\000e\000r\000\040\000F\000u\000n\000c\000t\000i\000o\000n\000\040\000D\000o\000c\000u\000m\000e\000n\000t\000a\000t\000i\000o\000n}{section.2.9}% 76
\BOOKMARK [3][-]{subsubsection.2.9.3.1}{\376\377\0002\000.\0009\000.\0003\000.\0001\000\040\000G\000e\000n\000e\000r\000a\000t\000e\000\050\000\051}{subsection.2.9.3}% 77
\BOOKMARK [1][-]{section.2.10}{\376\377\0002\000.\0001\0000\000\040\000L\000i\000k\000e\000l\000i\000h\000o\000o\000d\000\040\000C\000l\000a\000s\000s\000\040\000R\000e\000f\000e\000r\000e\000n\000c\000e}{chapter.2}% 78
\BOOKMARK [2][-]{subsection.2.10.1}{\376\377\0002\000.\0001\0000\000.\0001\000\040\000D\000e\000t\000a\000i\000l\000e\000d\000\040\000D\000e\000s\000c\000r\000i\000p\000t\000i\000o\000n}{section.2.10}% 79
\BOOKMARK [2][-]{subsection.2.10.2}{\376\377\0002\000.\0001\0000\000.\0002\000\040\000C\000o\000n\000s\000t\000r\000u\000c\000t\000o\000r\000\040\000\046\000\040\000D\000e\000s\000t\000r\000u\000c\000t\000o\000r\000\040\000D\000o\000c\000u\000m\000e\000n\000t\000a\000t\000i\000o\000n}{section.2.10}% 80
\BOOKMARK [3][-]{subsubsection.2.10.2.1}{\376\377\0002\000.\0001\0000\000.\0002\000.\0001\000\040\000L\000i\000k\000e\000l\000i\000h\000o\000o\000d\000\050\000\051}{subsection.2.10.2}% 81
\BOOKMARK [2][-]{subsection.2.10.3}{\376\377\0002\000.\0001\0000\000.\0003\000\040\000M\000e\000m\000b\000e\000r\000\040\000F\000u\000n\000c\000t\000i\000o\000n\000\040\000D\000o\000c\000u\000m\000e\000n\000t\000a\000t\000i\000o\000n}{section.2.10}% 82
\BOOKMARK [3][-]{subsubsection.2.10.3.1}{\376\377\0002\000.\0001\0000\000.\0003\000.\0001\000\040\000o\000p\000e\000r\000a\000t\000o\000r\000\050\000\051\000\050\000\051}{subsection.2.10.3}% 83
\BOOKMARK [1][-]{section.2.11}{\376\377\0002\000.\0001\0001\000\040\000P\000h\000a\000s\000e\000S\000p\000a\000c\000e\000P\000a\000r\000a\000m\000e\000t\000e\000r\000i\000s\000a\000t\000i\000o\000n\000\040\000C\000l\000a\000s\000s\000\040\000R\000e\000f\000e\000r\000e\000n\000c\000e}{chapter.2}% 84
\BOOKMARK [2][-]{subsection.2.11.1}{\376\377\0002\000.\0001\0001\000.\0001\000\040\000D\000e\000t\000a\000i\000l\000e\000d\000\040\000D\000e\000s\000c\000r\000i\000p\000t\000i\000o\000n}{section.2.11}% 85
\BOOKMARK [2][-]{subsection.2.11.2}{\376\377\0002\000.\0001\0001\000.\0002\000\040\000C\000o\000n\000s\000t\000r\000u\000c\000t\000o\000r\000\040\000\046\000\040\000D\000e\000s\000t\000r\000u\000c\000t\000o\000r\000\040\000D\000o\000c\000u\000m\000e\000n\000t\000a\000t\000i\000o\000n}{section.2.11}% 86
\BOOKMARK [3][-]{subsubsection.2.11.2.1}{\376\377\0002\000.\0001\0001\000.\0002\000.\0001\000\040\000P\000h\000a\000s\000e\000S\000p\000a\000c\000e\000P\000a\000r\000a\000m\000e\000t\000e\000r\000i\000s\000a\000t\000i\000o\000n\000\050\000\051}{subsection.2.11.2}% 87
\BOOKMARK [2][-]{subsection.2.11.3}{\376\377\0002\000.\0001\0001\000.\0003\000\040\000M\000e\000m\000b\000e\000r\000\040\000F\000u\000n\000c\000t\000i\000o\000n\000\040\000D\000o\000c\000u\000m\000e\000n\000t\000a\000t\000i\000o\000n}{section.2.11}% 88
\BOOKMARK [3][-]{subsubsection.2.11.3.1}{\376\377\0002\000.\0001\0001\000.\0003\000.\0001\000\040\000N\000u\000m\000b\000e\000r\000O\000f\000B\000i\000n\000s\000\050\000\051}{subsection.2.11.3}% 89
\BOOKMARK [3][-]{subsubsection.2.11.3.2}{\376\377\0002\000.\0001\0001\000.\0003\000.\0002\000\040\000W\000h\000i\000c\000h\000B\000i\000n\000\050\000\051}{subsection.2.11.3}% 90
\BOOKMARK [0][-]{section*.12}{\376\377\000I\000n\000d\000e\000x}{}% 91
